
$ [32mgit clone git@localhost:cacarrara/empower .[0m
Cloning into '.'...
Warning: Permanently added 'localhost' (RSA) to the list of known hosts.
Command [32mgit clone git@localhost:cacarrara/empower .[0m exited successfully with status 0. Took 0.41962 seconds.

$ [32mgit checkout master[0m
Already on 'master'
Your branch is up-to-date with 'origin/master'.
Command [32mgit checkout master[0m exited successfully with status 0. Took 0.02851 seconds.

$ [32mgit reset --hard 794c4d67eeae8fb155a1d45acc8a51b26758147a[0m
HEAD is now at 794c4d6 commit from cms
Command [32mgit reset --hard 794c4d67eeae8fb155a1d45acc8a51b26758147a[0m exited successfully with status 0. Took 0.03197 seconds.

$ [32mgit submodule update --init --recursive[0m
Command [32mgit submodule update --init --recursive[0m exited successfully with status 0. Took 0.05188 seconds.

$ export SNAP_CI=true
$ export CI=true
$ export SNAP_CACHE_DIR=/var/go
$ export LANG=en_US.UTF-8
$ export LC_ALL=en_US.UTF-8
$ export SNAP_WORKING_DIR=/var/snap-ci/repo
$ export SNAP_PIPELINE_COUNTER=18
$ export SNAP_STAGE_NAME=Default
$ export SNAP_BRANCH=master
$ export SNAP_COMMIT=794c4d67eeae8fb155a1d45acc8a51b26758147a
$ export SNAP_COMMIT_SHORT=794c4d6
$ export SNAP_TRACKING_PIPELINE=true
$ export SNAP_INTEGRATION_PIPELINE=false

$ [32mrbenv update > /dev/null[0m
Command [32mrbenv update > /dev/null[0m exited successfully with status 0. Took 5.13 seconds.

$ [32mrbenv download 2.2.0 && rbenv use 2.2.0 && rbenv rehash[0m
Download and extract ruby ruby-2.2.0
Ruby ruby-2.2.0 has been installed
Command [32mrbenv download 2.2.0 && rbenv use 2.2.0 && rbenv rehash[0m exited successfully with status 0. Took 1.79 seconds.

$ [32mbundle[0m
Fetching gem metadata from https://rubygems.org/............
Fetching version metadata from https://rubygems.org/...
Fetching dependency metadata from https://rubygems.org/..
Resolving dependencies...
Using rake 10.4.2
Installing colorator 0.1
Installing sass 3.4.21
Installing ffi 1.9.10 with native extensions
Installing rb-fsevent 0.9.7
Installing liquid 3.0.6
Installing kramdown 1.9.0
Installing mercenary 0.3.5
Installing safe_yaml 1.0.4
Installing jekyll-sitemap 0.9.0
Installing rouge 1.10.1
Using bundler 1.11.2
Installing redcarpet 3.3.4 with native extensions
Installing jekyll-gh-pages 0.1.0
Installing rb-inotify 0.9.5
Installing jekyll-sass-converter 1.4.0
Installing listen 3.0.5
Installing jekyll-watch 1.3.0
Installing jekyll 3.0.1
Bundle complete! 4 Gemfile dependencies, 19 gems now installed.
Bundled gems are installed into /var/go/.bundled-gems.
Command [32mbundle[0m exited successfully with status 0. Took 15.7 seconds.

$ [32mbundle exec rake build[0m
cd /var/snap-ci/repo
bundle exec jekyll build --destination /var/snap-ci/repo/build
Configuration file: /var/snap-ci/repo/_config.yml
            Source: /var/snap-ci/repo
       Destination: /var/snap-ci/repo/build
 Incremental build: disabled. Enable with --incremental
      Generating... 
                    done in 0.42 seconds.
 Auto-regeneration: disabled. Use --watch to enable.
cd -
Command [32mbundle exec rake build[0m exited successfully with status 0. Took 2.79 seconds.

Saving console log for later
